  TemporalGraphsInstances.cpp
C:\Program Files (x86)\Microsoft Visual Studio\2019\Community\VC\Tools\MSVC\14.29.30133\include\xstring(494,23): error C2027: use of undefined type 'std::basic_ostream<char,std::char_traits<char>>'
C:\Program Files (x86)\Microsoft Visual Studio\2019\Community\VC\Tools\MSVC\14.29.30133\include\iosfwd(221): message : see declaration of 'std::basic_ostream<char,std::char_traits<char>>'
C:\Program Files (x86)\Microsoft Visual Studio\2019\Community\VC\Tools\MSVC\14.29.30133\include\xstring(4947): message : see reference to function template instantiation 'std::basic_ostream<char,std::char_traits<char>> &std::_Insert_string<char,std::char_traits<char>,unsigned __int64>(std::basic_ostream<char,std::char_traits<char>> &,const _Elem *const ,const _SizeT)' being compiled
          with
          [
              _Elem=char,
              _SizeT=unsigned __int64
          ]
C:\Users\dries\Documents\school\Thesis\Thesis-dynamic-networks\tglib\tglib_cpp\src\core\BasicTypes.h(118): message : see reference to function template instantiation 'std::basic_ostream<char,std::char_traits<char>> &std::operator <<<char,std::char_traits<char>,std::allocator<char>>(std::basic_ostream<char,std::char_traits<char>> &,const std::basic_string<char,std::char_traits<char>,std::allocator<char>> &)' being compiled
C:\Program Files (x86)\Microsoft Visual Studio\2019\Community\VC\Tools\MSVC\14.29.30133\include\xstring(494,1): error C2065: 'iostate': undeclared identifier
C:\Program Files (x86)\Microsoft Visual Studio\2019\Community\VC\Tools\MSVC\14.29.30133\include\xstring(494,31): error C2146: syntax error: missing ';' before identifier '_State'
C:\Program Files (x86)\Microsoft Visual Studio\2019\Community\VC\Tools\MSVC\14.29.30133\include\xstring(494,31): error C2065: '_State': undeclared identifier
C:\Program Files (x86)\Microsoft Visual Studio\2019\Community\VC\Tools\MSVC\14.29.30133\include\xstring(494,49): error C2027: use of undefined type 'std::basic_ostream<char,std::char_traits<char>>'
C:\Program Files (x86)\Microsoft Visual Studio\2019\Community\VC\Tools\MSVC\14.29.30133\include\iosfwd(221): message : see declaration of 'std::basic_ostream<char,std::char_traits<char>>'
C:\Program Files (x86)\Microsoft Visual Studio\2019\Community\VC\Tools\MSVC\14.29.30133\include\xstring(494,1): error C2065: 'goodbit': undeclared identifier
C:\Program Files (x86)\Microsoft Visual Studio\2019\Community\VC\Tools\MSVC\14.29.30133\include\xstring(497,1): error C2027: use of undefined type 'std::basic_ostream<char,std::char_traits<char>>'
C:\Program Files (x86)\Microsoft Visual Studio\2019\Community\VC\Tools\MSVC\14.29.30133\include\iosfwd(221): message : see declaration of 'std::basic_ostream<char,std::char_traits<char>>'
C:\Program Files (x86)\Microsoft Visual Studio\2019\Community\VC\Tools\MSVC\14.29.30133\include\xstring(500,1): error C2027: use of undefined type 'std::basic_ostream<char,std::char_traits<char>>'
C:\Program Files (x86)\Microsoft Visual Studio\2019\Community\VC\Tools\MSVC\14.29.30133\include\iosfwd(221): message : see declaration of 'std::basic_ostream<char,std::char_traits<char>>'
C:\Program Files (x86)\Microsoft Visual Studio\2019\Community\VC\Tools\MSVC\14.29.30133\include\xstring(503,29): error C2027: use of undefined type 'std::basic_ostream<char,std::char_traits<char>>'
C:\Program Files (x86)\Microsoft Visual Studio\2019\Community\VC\Tools\MSVC\14.29.30133\include\iosfwd(221): message : see declaration of 'std::basic_ostream<char,std::char_traits<char>>'
C:\Program Files (x86)\Microsoft Visual Studio\2019\Community\VC\Tools\MSVC\14.29.30133\include\xstring(503,1): error C4430: missing type specifier - int assumed. Note: C++ does not support default-int
C:\Program Files (x86)\Microsoft Visual Studio\2019\Community\VC\Tools\MSVC\14.29.30133\include\xstring(503,36): error C2146: syntax error: missing ';' before identifier '_Ok'
C:\Program Files (x86)\Microsoft Visual Studio\2019\Community\VC\Tools\MSVC\14.29.30133\include\xstring(503,36): error C3861: '_Ok': identifier not found
C:\Program Files (x86)\Microsoft Visual Studio\2019\Community\VC\Tools\MSVC\14.29.30133\include\xstring(505,10): error C2065: '_Ok': undeclared identifier
C:\Program Files (x86)\Microsoft Visual Studio\2019\Community\VC\Tools\MSVC\14.29.30133\include\xstring(506,9): error C2065: '_State': undeclared identifier
C:\Program Files (x86)\Microsoft Visual Studio\2019\Community\VC\Tools\MSVC\14.29.30133\include\xstring(506,28): error C2027: use of undefined type 'std::basic_ostream<char,std::char_traits<char>>'
C:\Program Files (x86)\Microsoft Visual Studio\2019\Community\VC\Tools\MSVC\14.29.30133\include\iosfwd(221): message : see declaration of 'std::basic_ostream<char,std::char_traits<char>>'
C:\Program Files (x86)\Microsoft Visual Studio\2019\Community\VC\Tools\MSVC\14.29.30133\include\xstring(506,1): error C2065: 'badbit': undeclared identifier
C:\Program Files (x86)\Microsoft Visual Studio\2019\Community\VC\Tools\MSVC\14.29.30133\include\xstring(509,1): error C2027: use of undefined type 'std::basic_ostream<char,std::char_traits<char>>'
C:\Program Files (x86)\Microsoft Visual Studio\2019\Community\VC\Tools\MSVC\14.29.30133\include\iosfwd(221): message : see declaration of 'std::basic_ostream<char,std::char_traits<char>>'
C:\Program Files (x86)\Microsoft Visual Studio\2019\Community\VC\Tools\MSVC\14.29.30133\include\xstring(509,39): error C2027: use of undefined type 'std::basic_ostream<char,std::char_traits<char>>'
C:\Program Files (x86)\Microsoft Visual Studio\2019\Community\VC\Tools\MSVC\14.29.30133\include\iosfwd(221): message : see declaration of 'std::basic_ostream<char,std::char_traits<char>>'
C:\Program Files (x86)\Microsoft Visual Studio\2019\Community\VC\Tools\MSVC\14.29.30133\include\xstring(509,1): error C2065: 'adjustfield': undeclared identifier
C:\Program Files (x86)\Microsoft Visual Studio\2019\Community\VC\Tools\MSVC\14.29.30133\include\xstring(509,64): error C2027: use of undefined type 'std::basic_ostream<char,std::char_traits<char>>'
C:\Program Files (x86)\Microsoft Visual Studio\2019\Community\VC\Tools\MSVC\14.29.30133\include\iosfwd(221): message : see declaration of 'std::basic_ostream<char,std::char_traits<char>>'
C:\Program Files (x86)\Microsoft Visual Studio\2019\Community\VC\Tools\MSVC\14.29.30133\include\xstring(509,1): error C2065: 'left': undeclared identifier
C:\Program Files (x86)\Microsoft Visual Studio\2019\Community\VC\Tools\MSVC\14.29.30133\include\xstring(511,1): error C2027: use of undefined type 'std::basic_ostream<char,std::char_traits<char>>'
C:\Program Files (x86)\Microsoft Visual Studio\2019\Community\VC\Tools\MSVC\14.29.30133\include\iosfwd(221): message : see declaration of 'std::basic_ostream<char,std::char_traits<char>>'
C:\Program Files (x86)\Microsoft Visual Studio\2019\Community\VC\Tools\MSVC\14.29.30133\include\xstring(511,1): error C2660: 'std::_Narrow_char_traits<char,int>::eq_int_type': function does not take 1 arguments
C:\Program Files (x86)\Microsoft Visual Studio\2019\Community\VC\Tools\MSVC\14.29.30133\include\xstring(461,38): message : see declaration of 'std::_Narrow_char_traits<char,int>::eq_int_type'
C:\Program Files (x86)\Microsoft Visual Studio\2019\Community\VC\Tools\MSVC\14.29.30133\include\xstring(512,21): error C2065: '_State': undeclared identifier
C:\Program Files (x86)\Microsoft Visual Studio\2019\Community\VC\Tools\MSVC\14.29.30133\include\xstring(512,40): error C2027: use of undefined type 'std::basic_ostream<char,std::char_traits<char>>'
C:\Program Files (x86)\Microsoft Visual Studio\2019\Community\VC\Tools\MSVC\14.29.30133\include\iosfwd(221): message : see declaration of 'std::basic_ostream<char,std::char_traits<char>>'
C:\Program Files (x86)\Microsoft Visual Studio\2019\Community\VC\Tools\MSVC\14.29.30133\include\xstring(512,1): error C2065: 'badbit': undeclared identifier
C:\Program Files (x86)\Microsoft Visual Studio\2019\Community\VC\Tools\MSVC\14.29.30133\include\xstring(518,13): error C2065: '_State': undeclared identifier
C:\Program Files (x86)\Microsoft Visual Studio\2019\Community\VC\Tools\MSVC\14.29.30133\include\xstring(518,32): error C2027: use of undefined type 'std::basic_ostream<char,std::char_traits<char>>'
C:\Program Files (x86)\Microsoft Visual Studio\2019\Community\VC\Tools\MSVC\14.29.30133\include\iosfwd(221): message : see declaration of 'std::basic_ostream<char,std::char_traits<char>>'
C:\Program Files (x86)\Microsoft Visual Studio\2019\Community\VC\Tools\MSVC\14.29.30133\include\xstring(518,1): error C2065: 'goodbit': undeclared identifier
C:\Program Files (x86)\Microsoft Visual Studio\2019\Community\VC\Tools\MSVC\14.29.30133\include\xstring(519,1): error C2027: use of undefined type 'std::basic_ostream<char,std::char_traits<char>>'
C:\Program Files (x86)\Microsoft Visual Studio\2019\Community\VC\Tools\MSVC\14.29.30133\include\iosfwd(221): message : see declaration of 'std::basic_ostream<char,std::char_traits<char>>'
C:\Program Files (x86)\Microsoft Visual Studio\2019\Community\VC\Tools\MSVC\14.29.30133\include\xstring(520,13): error C2065: '_State': undeclared identifier
C:\Program Files (x86)\Microsoft Visual Studio\2019\Community\VC\Tools\MSVC\14.29.30133\include\xstring(520,32): error C2027: use of undefined type 'std::basic_ostream<char,std::char_traits<char>>'
C:\Program Files (x86)\Microsoft Visual Studio\2019\Community\VC\Tools\MSVC\14.29.30133\include\iosfwd(221): message : see declaration of 'std::basic_ostream<char,std::char_traits<char>>'
C:\Program Files (x86)\Microsoft Visual Studio\2019\Community\VC\Tools\MSVC\14.29.30133\include\xstring(520,1): error C2065: 'badbit': undeclared identifier
C:\Program Files (x86)\Microsoft Visual Studio\2019\Community\VC\Tools\MSVC\14.29.30133\include\xstring(523,1): error C2027: use of undefined type 'std::basic_ostream<char,std::char_traits<char>>'
C:\Program Files (x86)\Microsoft Visual Studio\2019\Community\VC\Tools\MSVC\14.29.30133\include\iosfwd(221): message : see declaration of 'std::basic_ostream<char,std::char_traits<char>>'
C:\Program Files (x86)\Microsoft Visual Studio\2019\Community\VC\Tools\MSVC\14.29.30133\include\xstring(523,1): error C2660: 'std::_Narrow_char_traits<char,int>::eq_int_type': function does not take 1 arguments
C:\Program Files (x86)\Microsoft Visual Studio\2019\Community\VC\Tools\MSVC\14.29.30133\include\xstring(461,38): message : see declaration of 'std::_Narrow_char_traits<char,int>::eq_int_type'
C:\Program Files (x86)\Microsoft Visual Studio\2019\Community\VC\Tools\MSVC\14.29.30133\include\xstring(524,21): error C2065: '_State': undeclared identifier
C:\Program Files (x86)\Microsoft Visual Studio\2019\Community\VC\Tools\MSVC\14.29.30133\include\xstring(524,40): error C2027: use of undefined type 'std::basic_ostream<char,std::char_traits<char>>'
C:\Program Files (x86)\Microsoft Visual Studio\2019\Community\VC\Tools\MSVC\14.29.30133\include\iosfwd(221): message : see declaration of 'std::basic_ostream<char,std::char_traits<char>>'
C:\Program Files (x86)\Microsoft Visual Studio\2019\Community\VC\Tools\MSVC\14.29.30133\include\xstring(524,1): error C2065: 'badbit': undeclared identifier
C:\Program Files (x86)\Microsoft Visual Studio\2019\Community\VC\Tools\MSVC\14.29.30133\include\xstring(530,1): error C2027: use of undefined type 'std::basic_ostream<char,std::char_traits<char>>'
C:\Program Files (x86)\Microsoft Visual Studio\2019\Community\VC\Tools\MSVC\14.29.30133\include\iosfwd(221): message : see declaration of 'std::basic_ostream<char,std::char_traits<char>>'
C:\Program Files (x86)\Microsoft Visual Studio\2019\Community\VC\Tools\MSVC\14.29.30133\include\xstring(531,1): error C2027: use of undefined type 'std::basic_ostream<char,std::char_traits<char>>'
C:\Program Files (x86)\Microsoft Visual Studio\2019\Community\VC\Tools\MSVC\14.29.30133\include\iosfwd(221): message : see declaration of 'std::basic_ostream<char,std::char_traits<char>>'
C:\Program Files (x86)\Microsoft Visual Studio\2019\Community\VC\Tools\MSVC\14.29.30133\include\xstring(531,9): error C2027: use of undefined type 'std::basic_ostream<char,std::char_traits<char>>'
C:\Program Files (x86)\Microsoft Visual Studio\2019\Community\VC\Tools\MSVC\14.29.30133\include\iosfwd(221): message : see declaration of 'std::basic_ostream<char,std::char_traits<char>>'
C:\Program Files (x86)\Microsoft Visual Studio\2019\Community\VC\Tools\MSVC\14.29.30133\include\xstring(531,1): error C2065: 'badbit': undeclared identifier
C:\Program Files (x86)\Microsoft Visual Studio\2019\Community\VC\Tools\MSVC\14.29.30133\include\xstring(534,1): error C2027: use of undefined type 'std::basic_ostream<char,std::char_traits<char>>'
C:\Program Files (x86)\Microsoft Visual Studio\2019\Community\VC\Tools\MSVC\14.29.30133\include\iosfwd(221): message : see declaration of 'std::basic_ostream<char,std::char_traits<char>>'
C:\Program Files (x86)\Microsoft Visual Studio\2019\Community\VC\Tools\MSVC\14.29.30133\include\xstring(534,20): error C2065: '_State': undeclared identifier
  test-temporalDistances.cpp
C:\Program Files (x86)\Microsoft Visual Studio\2019\Community\VC\Tools\MSVC\14.29.30133\include\utility(186,48): warning C4267: 'initializing': conversion from 'size_t' to '_Ty1', possible loss of data
          with
          [
              _Ty1=tglib::NodeId
          ]
C:\Users\dries\Documents\school\Thesis\Thesis-dynamic-networks\tglib\tglib_cpp\test\test-algorithms\../../src/core/Transformations.h(96): message : see reference to function template instantiation 'std::pair<tglib::NodeId,tglib::Time>::pair<size_t&,_Ty&,0>(_Other1,_Other2) noexcept' being compiled
          with
          [
              _Ty=tglib::Time,
              _Other1=size_t &,
              _Other2=tglib::Time &
          ]
C:\Users\dries\Documents\school\Thesis\Thesis-dynamic-networks\tglib\tglib_cpp\test\test-algorithms\../../src/core/Transformations.h(96): message : see reference to function template instantiation 'std::pair<tglib::NodeId,tglib::Time>::pair<size_t&,_Ty&,0>(_Other1,_Other2) noexcept' being compiled
          with
          [
              _Ty=tglib::Time,
              _Other1=size_t &,
              _Other2=tglib::Time &
          ]
C:\Users\dries\Documents\school\Thesis\Thesis-dynamic-networks\tglib\tglib_cpp\test\test-algorithms\test-temporalDistances.cpp(36): message : see reference to function template instantiation 'tglib::TRSGraph tglib::to_trs_graph<tglib::TemporalEdge>(const tglib::OrderedEdgeList<tglib::TemporalEdge> &)' being compiled
  test-temporalDiameter.cpp
C:\Users\dries\Documents\school\Thesis\Thesis-dynamic-networks\tglib\tglib_cpp\test\test-algorithms\../../src/algorithms/TemporalDiameter.h(74,1): error C3016: 'nid': index variable in OpenMP 'for' statement must have signed integral type
C:\Users\dries\Documents\school\Thesis\Thesis-dynamic-networks\tglib\tglib_cpp\test\test-algorithms\test-temporalDiameter.cpp(23): message : see reference to function template instantiation 'tglib::Time tglib::temporal_diameter<tglib::OrderedEdgeList<tglib::TemporalEdge>>(const TempGraph &,tglib::TimeInterval,tglib::Distance_Type)' being compiled
          with
          [
              TempGraph=tglib::OrderedEdgeList<tglib::TemporalEdge>
          ]
  test-temporalPaths.cpp
  test-topkTemporalCloseness.cpp
C:\Users\dries\Documents\school\Thesis\Thesis-dynamic-networks\tglib\tglib_cpp\test\test-algorithms\../../src/algorithms/TemporalCloseness.h(204,1): error C3016: 'i': index variable in OpenMP 'for' statement must have signed integral type
C:\Users\dries\Documents\school\Thesis\Thesis-dynamic-networks\tglib\tglib_cpp\test\test-algorithms\test-topkTemporalCloseness.cpp(27): message : see reference to function template instantiation 'std::vector<double,std::allocator<double>> tglib::temporal_closeness<tglib::TemporalEdge>(const tglib::OrderedEdgeList<tglib::TemporalEdge> &,tglib::TimeInterval,tglib::Distance_Type)' being compiled
C:\Users\dries\Documents\school\Thesis\Thesis-dynamic-networks\tglib\tglib_cpp\test\test-algorithms\../../src/algorithms/TemporalCloseness.h(239,1): error C3016: 'nid': index variable in OpenMP 'for' statement must have signed integral type
C:\Users\dries\Documents\school\Thesis\Thesis-dynamic-networks\tglib\tglib_cpp\test\test-algorithms\test-topkTemporalCloseness.cpp(28): message : see reference to function template instantiation 'std::vector<double,std::allocator<double>> tglib::temporal_closeness<tglib::TGNode,tglib::TemporalEdge>(tglib::IncidentLists<tglib::TGNode,tglib::TemporalEdge> &,tglib::TimeInterval,tglib::Distance_Type)' being compiled
  test-temporalEfficiency.cpp
C:\Users\dries\Documents\school\Thesis\Thesis-dynamic-networks\tglib\tglib_cpp\test\test-algorithms\../../src/algorithms/TemporalEfficiency.h(42,1): error C3016: 'nid': index variable in OpenMP 'for' statement must have signed integral type
C:\Users\dries\Documents\school\Thesis\Thesis-dynamic-networks\tglib\tglib_cpp\test\test-algorithms\test-temporalEfficiency.cpp(23): message : see reference to function template instantiation 'double temporal_efficiency<tglib::OrderedEdgeList<tglib::TemporalEdge>>(const TempGraph &,tglib::TimeInterval,tglib::Distance_Type)' being compiled
          with
          [
              TempGraph=tglib::OrderedEdgeList<tglib::TemporalEdge>
          ]
  test-temporalKatz.cpp
  test-temporalkhCore.cpp
C:\Users\dries\Documents\school\Thesis\Thesis-dynamic-networks\tglib\tglib_cpp\test\test-algorithms\../../src/algorithms/TemporalkhCore.h(29,13): error C2065: 'uint': undeclared identifier
C:\Users\dries\Documents\school\Thesis\Thesis-dynamic-networks\tglib\tglib_cpp\test\test-algorithms\../../src/algorithms/TemporalkhCore.h(29,6): error C2923: 'std::vector': 'uint' is not a valid template type argument for parameter '_Ty'
C:\Users\dries\Documents\school\Thesis\Thesis-dynamic-networks\tglib\tglib_cpp\test\test-algorithms\../../src/algorithms/TemporalkhCore.h(29): message : see declaration of 'uint'
C:\Users\dries\Documents\school\Thesis\Thesis-dynamic-networks\tglib\tglib_cpp\test\test-algorithms\../../src/algorithms/TemporalkhCore.h(29,6): error C2976: 'std::vector': too few template arguments
C:\Program Files (x86)\Microsoft Visual Studio\2019\Community\VC\Tools\MSVC\14.29.30133\include\format(71): message : see declaration of 'std::vector'
C:\Users\dries\Documents\school\Thesis\Thesis-dynamic-networks\tglib\tglib_cpp\test\test-algorithms\../../src/algorithms/TemporalkhCore.h(29,80): error C2955: 'std::vector': use of class template requires template argument list
C:\Program Files (x86)\Microsoft Visual Studio\2019\Community\VC\Tools\MSVC\14.29.30133\include\format(71): message : see declaration of 'std::vector'
C:\Users\dries\Documents\school\Thesis\Thesis-dynamic-networks\tglib\tglib_cpp\test\test-algorithms\../../src/algorithms/TemporalkhCore.h(29,80): error C2079: 'tglib::compute_kcores' uses undefined class 'std::vector'
C:\Users\dries\Documents\school\Thesis\Thesis-dynamic-networks\tglib\tglib_cpp\test\test-algorithms\../../src/algorithms/TemporalkhCore.h(30,14): error C2065: 'uint': undeclared identifier
C:\Users\dries\Documents\school\Thesis\Thesis-dynamic-networks\tglib\tglib_cpp\test\test-algorithms\../../src/algorithms/TemporalkhCore.h(30,10): error C2923: 'std::map': 'uint' is not a valid template type argument for parameter '_Kty'
C:\Users\dries\Documents\school\Thesis\Thesis-dynamic-networks\tglib\tglib_cpp\test\test-algorithms\../../src/algorithms/TemporalkhCore.h(30): message : see declaration of 'uint'
C:\Users\dries\Documents\school\Thesis\Thesis-dynamic-networks\tglib\tglib_cpp\test\test-algorithms\../../src/algorithms/TemporalkhCore.h(30,10): error C2976: 'std::map': too few template arguments
C:\Program Files (x86)\Microsoft Visual Studio\2019\Community\VC\Tools\MSVC\14.29.30133\include\map(73): message : see declaration of 'std::map'
C:\Users\dries\Documents\school\Thesis\Thesis-dynamic-networks\tglib\tglib_cpp\test\test-algorithms\../../src/algorithms/TemporalkhCore.h(30): error C2641: cannot deduce template arguments for 'std::map'
C:\Users\dries\Documents\school\Thesis\Thesis-dynamic-networks\tglib\tglib_cpp\test\test-algorithms\../../src/algorithms/TemporalkhCore.h(30): error C2783: 'std::map<_Kty,_Ty,_Pr,_Alloc> std::map(void)': could not deduce template argument for '_Kty'
C:\Program Files (x86)\Microsoft Visual Studio\2019\Community\VC\Tools\MSVC\14.29.30133\include\map(105): message : see declaration of 'std::map'
C:\Users\dries\Documents\school\Thesis\Thesis-dynamic-networks\tglib\tglib_cpp\test\test-algorithms\../../src/algorithms/TemporalkhCore.h(30): error C2783: 'std::map<_Kty,_Ty,_Pr,_Alloc> std::map(void)': could not deduce template argument for '_Ty'
C:\Program Files (x86)\Microsoft Visual Studio\2019\Community\VC\Tools\MSVC\14.29.30133\include\map(105): message : see declaration of 'std::map'
C:\Users\dries\Documents\school\Thesis\Thesis-dynamic-networks\tglib\tglib_cpp\test\test-algorithms\../../src/algorithms/TemporalkhCore.h(30,54): error C2780: 'std::map<_Kty,_Ty,_Pr,_Alloc> std::map(std::map<_Kty,_Ty,_Pr,_Alloc>)': expects 1 arguments - 0 provided
C:\Program Files (x86)\Microsoft Visual Studio\2019\Community\VC\Tools\MSVC\14.29.30133\include\map(73): message : see declaration of 'std::map'
C:\Users\dries\Documents\school\Thesis\Thesis-dynamic-networks\tglib\tglib_cpp\test\test-algorithms\../../src/algorithms/TemporalkhCore.h(39,24): error C2065: 'uint': undeclared identifier
C:\Users\dries\Documents\school\Thesis\Thesis-dynamic-networks\tglib\tglib_cpp\test\test-algorithms\../../src/algorithms/TemporalkhCore.h(39,19): error C2923: 'std::pair': 'uint' is not a valid template type argument for parameter '_Ty1'
C:\Users\dries\Documents\school\Thesis\Thesis-dynamic-networks\tglib\tglib_cpp\test\test-algorithms\../../src/algorithms/TemporalkhCore.h(39): message : see declaration of 'uint'
C:\Users\dries\Documents\school\Thesis\Thesis-dynamic-networks\tglib\tglib_cpp\test\test-algorithms\../../src/algorithms/TemporalkhCore.h(39,19): error C3203: 'pair': unspecialized class template can't be used as a template argument for template parameter '_Kty', expected a real type
C:\Users\dries\Documents\school\Thesis\Thesis-dynamic-networks\tglib\tglib_cpp\test\test-algorithms\../../src/algorithms/TemporalkhCore.h(40,17): error C2065: 'uint': undeclared identifier
C:\Users\dries\Documents\school\Thesis\Thesis-dynamic-networks\tglib\tglib_cpp\test\test-algorithms\../../src/algorithms/TemporalkhCore.h(40,10): error C2923: 'std::vector': 'uint' is not a valid template type argument for parameter '_Ty'
C:\Users\dries\Documents\school\Thesis\Thesis-dynamic-networks\tglib\tglib_cpp\test\test-algorithms\../../src/algorithms/TemporalkhCore.h(40): message : see declaration of 'uint'
C:\Users\dries\Documents\school\Thesis\Thesis-dynamic-networks\tglib\tglib_cpp\test\test-algorithms\../../src/algorithms/TemporalkhCore.h(40,10): error C2976: 'std::vector': too few template arguments
C:\Program Files (x86)\Microsoft Visual Studio\2019\Community\VC\Tools\MSVC\14.29.30133\include\format(71): message : see declaration of 'std::vector'
C:\Users\dries\Documents\school\Thesis\Thesis-dynamic-networks\tglib\tglib_cpp\test\test-algorithms\../../src/algorithms/TemporalkhCore.h(42,20): error C2672: 'begin': no matching overloaded function found
C:\Users\dries\Documents\school\Thesis\Thesis-dynamic-networks\tglib\tglib_cpp\test\test-algorithms\../../src/algorithms/TemporalkhCore.h(42,23): error C2893: Failed to specialize function template 'unknown-type std::begin(_Container &)'
C:\Program Files (x86)\Microsoft Visual Studio\2019\Community\VC\Tools\MSVC\14.29.30133\include\xutility(1844): message : see declaration of 'std::begin'
C:\Users\dries\Documents\school\Thesis\Thesis-dynamic-networks\tglib\tglib_cpp\test\test-algorithms\../../src/algorithms/TemporalkhCore.h(42,23): message : With the following template arguments:
C:\Users\dries\Documents\school\Thesis\Thesis-dynamic-networks\tglib\tglib_cpp\test\test-algorithms\../../src/algorithms/TemporalkhCore.h(42,23): message : '_Container=std::map'
C:\Users\dries\Documents\school\Thesis\Thesis-dynamic-networks\tglib\tglib_cpp\test\test-algorithms\../../src/algorithms/TemporalkhCore.h(42,23): error C2784: 'const _Elem *std::begin(std::initializer_list<_Elem>) noexcept': could not deduce template argument for 'std::initializer_list<_Elem>' from 'std::map'
C:\Program Files (x86)\Microsoft Visual Studio\2019\Community\VC\Tools\MSVC\14.29.30133\include\initializer_list(55): message : see declaration of 'std::begin'
C:\Users\dries\Documents\school\Thesis\Thesis-dynamic-networks\tglib\tglib_cpp\test\test-algorithms\../../src/algorithms/TemporalkhCore.h(42,20): error C2672: 'end': no matching overloaded function found
C:\Users\dries\Documents\school\Thesis\Thesis-dynamic-networks\tglib\tglib_cpp\test\test-algorithms\../../src/algorithms/TemporalkhCore.h(42,23): error C2893: Failed to specialize function template 'unknown-type std::end(_Container &)'
C:\Program Files (x86)\Microsoft Visual Studio\2019\Community\VC\Tools\MSVC\14.29.30133\include\xutility(1854): message : see declaration of 'std::end'
C:\Users\dries\Documents\school\Thesis\Thesis-dynamic-networks\tglib\tglib_cpp\test\test-algorithms\../../src/algorithms/TemporalkhCore.h(42,23): message : With the following template arguments:
C:\Users\dries\Documents\school\Thesis\Thesis-dynamic-networks\tglib\tglib_cpp\test\test-algorithms\../../src/algorithms/TemporalkhCore.h(42,23): message : '_Container=std::map'
C:\Users\dries\Documents\school\Thesis\Thesis-dynamic-networks\tglib\tglib_cpp\test\test-algorithms\../../src/algorithms/TemporalkhCore.h(42,23): error C2784: 'const _Elem *std::end(std::initializer_list<_Elem>) noexcept': could not deduce template argument for 'std::initializer_list<_Elem>' from 'std::map'
C:\Program Files (x86)\Microsoft Visual Studio\2019\Community\VC\Tools\MSVC\14.29.30133\include\initializer_list(60): message : see declaration of 'std::end'
C:\Users\dries\Documents\school\Thesis\Thesis-dynamic-networks\tglib\tglib_cpp\test\test-algorithms\../../src/algorithms/TemporalkhCore.h(42,23): error C3536: '<begin>$L1': cannot be used before it is initialized
C:\Users\dries\Documents\school\Thesis\Thesis-dynamic-networks\tglib\tglib_cpp\test\test-algorithms\../../src/algorithms/TemporalkhCore.h(42,23): error C3536: '<end>$L1': cannot be used before it is initialized
C:\Users\dries\Documents\school\Thesis\Thesis-dynamic-networks\tglib\tglib_cpp\test\test-algorithms\../../src/algorithms/TemporalkhCore.h(42,21): error C2100: illegal indirection
C:\Users\dries\Documents\school\Thesis\Thesis-dynamic-networks\tglib\tglib_cpp\test\test-algorithms\../../src/algorithms/TemporalkhCore.h(53,18): error C2839: invalid return type 'const int *' for overloaded 'operator ->'
C:\Users\dries\Documents\school\Thesis\Thesis-dynamic-networks\tglib\tglib_cpp\test\test-algorithms\../../src/algorithms/TemporalkhCore.h(53,24): error C2039: 'second': is not a member of 'std::_Tree_const_iterator<std::_Tree_val<std::_Tree_simple_types<int>>>'
C:\Program Files (x86)\Microsoft Visual Studio\2019\Community\VC\Tools\MSVC\14.29.30133\include\xtree(866): message : see declaration of 'std::_Tree_const_iterator<std::_Tree_val<std::_Tree_simple_types<int>>>'
C:\Users\dries\Documents\school\Thesis\Thesis-dynamic-networks\tglib\tglib_cpp\test\test-algorithms\../../src/algorithms/TemporalkhCore.h(56,12): error C3536: 'u': cannot be used before it is initialized
C:\Users\dries\Documents\school\Thesis\Thesis-dynamic-networks\tglib\tglib_cpp\test\test-algorithms\../../src/algorithms/TemporalkhCore.h(59,25): error C2672: 'begin': no matching overloaded function found
C:\Users\dries\Documents\school\Thesis\Thesis-dynamic-networks\tglib\tglib_cpp\test\test-algorithms\../../src/algorithms/TemporalkhCore.h(59,30): error C2893: Failed to specialize function template 'unknown-type std::begin(_Container &)'
C:\Program Files (x86)\Microsoft Visual Studio\2019\Community\VC\Tools\MSVC\14.29.30133\include\xutility(1844): message : see declaration of 'std::begin'
C:\Users\dries\Documents\school\Thesis\Thesis-dynamic-networks\tglib\tglib_cpp\test\test-algorithms\../../src/algorithms/TemporalkhCore.h(59,30): message : With the following template arguments:
C:\Users\dries\Documents\school\Thesis\Thesis-dynamic-networks\tglib\tglib_cpp\test\test-algorithms\../../src/algorithms/TemporalkhCore.h(59,30): message : '_Container=int'
C:\Users\dries\Documents\school\Thesis\Thesis-dynamic-networks\tglib\tglib_cpp\test\test-algorithms\../../src/algorithms/TemporalkhCore.h(59,30): error C2784: 'const _Elem *std::begin(std::initializer_list<_Elem>) noexcept': could not deduce template argument for 'std::initializer_list<_Elem>' from 'int'
C:\Program Files (x86)\Microsoft Visual Studio\2019\Community\VC\Tools\MSVC\14.29.30133\include\initializer_list(55): message : see declaration of 'std::begin'
C:\Users\dries\Documents\school\Thesis\Thesis-dynamic-networks\tglib\tglib_cpp\test\test-algorithms\../../src/algorithms/TemporalkhCore.h(59,25): error C2672: 'end': no matching overloaded function found
C:\Users\dries\Documents\school\Thesis\Thesis-dynamic-networks\tglib\tglib_cpp\test\test-algorithms\../../src/algorithms/TemporalkhCore.h(59,30): error C2893: Failed to specialize function template 'unknown-type std::end(_Container &)'
C:\Program Files (x86)\Microsoft Visual Studio\2019\Community\VC\Tools\MSVC\14.29.30133\include\xutility(1854): message : see declaration of 'std::end'
C:\Users\dries\Documents\school\Thesis\Thesis-dynamic-networks\tglib\tglib_cpp\test\test-algorithms\../../src/algorithms/TemporalkhCore.h(59,30): message : With the following template arguments:
C:\Users\dries\Documents\school\Thesis\Thesis-dynamic-networks\tglib\tglib_cpp\test\test-algorithms\../../src/algorithms/TemporalkhCore.h(59,30): message : '_Container=int'
C:\Users\dries\Documents\school\Thesis\Thesis-dynamic-networks\tglib\tglib_cpp\test\test-algorithms\../../src/algorithms/TemporalkhCore.h(59,30): error C2784: 'const _Elem *std::end(std::initializer_list<_Elem>) noexcept': could not deduce template argument for 'std::initializer_list<_Elem>' from 'int'
C:\Program Files (x86)\Microsoft Visual Studio\2019\Community\VC\Tools\MSVC\14.29.30133\include\initializer_list(60): message : see declaration of 'std::end'
C:\Users\dries\Documents\school\Thesis\Thesis-dynamic-networks\tglib\tglib_cpp\test\test-algorithms\../../src/algorithms/TemporalkhCore.h(59,30): error C3536: '<begin>$L2': cannot be used before it is initialized
C:\Users\dries\Documents\school\Thesis\Thesis-dynamic-networks\tglib\tglib_cpp\test\test-algorithms\../../src/algorithms/TemporalkhCore.h(59,30): error C3536: '<end>$L2': cannot be used before it is initialized
C:\Users\dries\Documents\school\Thesis\Thesis-dynamic-networks\tglib\tglib_cpp\test\test-algorithms\../../src/algorithms/TemporalkhCore.h(59,28): error C2100: illegal indirection
C:\Users\dries\Documents\school\Thesis\Thesis-dynamic-networks\tglib\tglib_cpp\test\test-algorithms\../../src/algorithms/TemporalkhCore.h(68,1): error C2440: 'return': cannot convert from 'std::vector<int,std::allocator<int>>' to 'std::vector'
C:\Users\dries\Documents\school\Thesis\Thesis-dynamic-networks\tglib\tglib_cpp\test\test-algorithms\../../src/algorithms/TemporalkhCore.h(68,5): message : No user-defined-conversion operator available that can perform this conversion, or the operator cannot be called
C:\Users\dries\Documents\school\Thesis\Thesis-dynamic-networks\tglib\tglib_cpp\test\test-algorithms\../../src/algorithms/TemporalkhCore.h(69,1): error C2036: 'std::map': unknown size
C:\Users\dries\Documents\school\Thesis\Thesis-dynamic-networks\tglib\tglib_cpp\test\test-algorithms\../../src/algorithms/TemporalkhCore.h(83,13): error C2065: 'uint': undeclared identifier
C:\Users\dries\Documents\school\Thesis\Thesis-dynamic-networks\tglib\tglib_cpp\test\test-algorithms\../../src/algorithms/TemporalkhCore.h(83,6): error C2923: 'std::vector': 'uint' is not a valid template type argument for parameter '_Ty'
C:\Users\dries\Documents\school\Thesis\Thesis-dynamic-networks\tglib\tglib_cpp\test\test-algorithms\../../src/algorithms/TemporalkhCore.h(83): message : see declaration of 'uint'
C:\Users\dries\Documents\school\Thesis\Thesis-dynamic-networks\tglib\tglib_cpp\test\test-algorithms\../../src/algorithms/TemporalkhCore.h(83,6): error C2976: 'std::vector': too few template arguments
C:\Program Files (x86)\Microsoft Visual Studio\2019\Community\VC\Tools\MSVC\14.29.30133\include\format(71): message : see declaration of 'std::vector'
C:\Users\dries\Documents\school\Thesis\Thesis-dynamic-networks\tglib\tglib_cpp\test\test-algorithms\../../src/algorithms/TemporalkhCore.h(83,66): error C2061: syntax error: identifier 'uint'
C:\Users\dries\Documents\school\Thesis\Thesis-dynamic-networks\tglib\tglib_cpp\test\test-algorithms\../../src/algorithms/TemporalkhCore.h(83,1): error C2955: 'std::vector': use of class template requires template argument list
C:\Program Files (x86)\Microsoft Visual Studio\2019\Community\VC\Tools\MSVC\14.29.30133\include\format(71): message : see declaration of 'std::vector'
C:\Users\dries\Documents\school\Thesis\Thesis-dynamic-networks\tglib\tglib_cpp\test\test-algorithms\../../src/algorithms/TemporalkhCore.h(87,25): error C3861: 'h': identifier not found
C:\Users\dries\Documents\school\Thesis\Thesis-dynamic-networks\tglib\tglib_cpp\test\test-algorithms\test-temporalkhCore.cpp(23,12): error C2641: cannot deduce template arguments for 'std::vector'
C:\Users\dries\Documents\school\Thesis\Thesis-dynamic-networks\tglib\tglib_cpp\test\test-algorithms\test-temporalkhCore.cpp(23,31): error C2780: 'std::vector<conditional_t<std::_Is_from_primary<std::iterator_traits<remove_cv<remove_reference<_Ty>::type>::type>>,std::indirectly_readable_traits<remove_cv<remove_reference<_Ty>::type>::type>,std::iterator_traits<remove_cv<remove_reference<_Ty>::type>::type>>::value_type,_Alloc> std::vector(_Iter,_Iter,_Alloc)': expects 3 arguments - 1 provided
C:\Program Files (x86)\Microsoft Visual Studio\2019\Community\VC\Tools\MSVC\14.29.30133\include\vector(1828): message : see declaration of 'std::vector'
C:\Users\dries\Documents\school\Thesis\Thesis-dynamic-networks\tglib\tglib_cpp\test\test-algorithms\test-temporalkhCore.cpp(23,31): error C2780: 'std::vector<_Ty,_Alloc> std::vector(std::vector<_Ty,_Alloc> &&,const _Alloc &) noexcept(<expr>)': expects 2 arguments - 1 provided
C:\Program Files (x86)\Microsoft Visual Studio\2019\Community\VC\Tools\MSVC\14.29.30133\include\vector(613): message : see declaration of 'std::vector'
C:\Users\dries\Documents\school\Thesis\Thesis-dynamic-networks\tglib\tglib_cpp\test\test-algorithms\test-temporalkhCore.cpp(23,31): error C2784: 'std::vector<_Ty,_Alloc> std::vector(std::vector<_Ty,_Alloc> &&) noexcept': could not deduce template argument for 'std::vector<_Ty,_Alloc> &&' from 'std::vector'
C:\Program Files (x86)\Microsoft Visual Studio\2019\Community\VC\Tools\MSVC\14.29.30133\include\vector(604): message : see declaration of 'std::vector'
C:\Users\dries\Documents\school\Thesis\Thesis-dynamic-networks\tglib\tglib_cpp\test\test-algorithms\test-temporalkhCore.cpp(23,31): error C2784: 'std::vector<_Ty,_Alloc> std::vector(std::vector<_Ty,_Alloc> &&) noexcept': could not deduce template argument for 'std::vector<_Ty,_Alloc> &&' from 'std::vector'
C:\Program Files (x86)\Microsoft Visual Studio\2019\Community\VC\Tools\MSVC\14.29.30133\include\vector(604): message : see declaration of 'std::vector'
C:\Users\dries\Documents\school\Thesis\Thesis-dynamic-networks\tglib\tglib_cpp\test\test-algorithms\test-temporalkhCore.cpp(23,31): error C2780: 'std::vector<_Ty,_Alloc> std::vector(const std::vector<_Ty,_Alloc> &,const _Alloc &)': expects 2 arguments - 1 provided
C:\Program Files (x86)\Microsoft Visual Studio\2019\Community\VC\Tools\MSVC\14.29.30133\include\vector(559): message : see declaration of 'std::vector'
C:\Users\dries\Documents\school\Thesis\Thesis-dynamic-networks\tglib\tglib_cpp\test\test-algorithms\test-temporalkhCore.cpp(23,31): error C2784: 'std::vector<_Ty,_Alloc> std::vector(const std::vector<_Ty,_Alloc> &)': could not deduce template argument for 'const std::vector<_Ty,_Alloc> &' from 'std::vector'
C:\Program Files (x86)\Microsoft Visual Studio\2019\Community\VC\Tools\MSVC\14.29.30133\include\vector(541): message : see declaration of 'std::vector'
C:\Users\dries\Documents\school\Thesis\Thesis-dynamic-networks\tglib\tglib_cpp\test\test-algorithms\test-temporalkhCore.cpp(23,31): error C2784: 'std::vector<_Ty,_Alloc> std::vector(const std::vector<_Ty,_Alloc> &)': could not deduce template argument for 'const std::vector<_Ty,_Alloc> &' from 'std::vector'
C:\Program Files (x86)\Microsoft Visual Studio\2019\Community\VC\Tools\MSVC\14.29.30133\include\vector(541): message : see declaration of 'std::vector'
C:\Users\dries\Documents\school\Thesis\Thesis-dynamic-networks\tglib\tglib_cpp\test\test-algorithms\test-temporalkhCore.cpp(23,31): error C2784: 'std::vector<_Ty,_Alloc> std::vector(std::initializer_list<_Elem>,const _Alloc &)': could not deduce template argument for 'std::initializer_list<_Elem>' from 'std::vector'
C:\Program Files (x86)\Microsoft Visual Studio\2019\Community\VC\Tools\MSVC\14.29.30133\include\vector(533): message : see declaration of 'std::vector'
C:\Users\dries\Documents\school\Thesis\Thesis-dynamic-networks\tglib\tglib_cpp\test\test-algorithms\test-temporalkhCore.cpp(23,31): error C2784: 'std::vector<_Ty,_Alloc> std::vector(std::initializer_list<_Elem>,const _Alloc &)': could not deduce template argument for 'std::initializer_list<_Elem>' from 'std::vector'
C:\Program Files (x86)\Microsoft Visual Studio\2019\Community\VC\Tools\MSVC\14.29.30133\include\vector(533): message : see declaration of 'std::vector'
C:\Users\dries\Documents\school\Thesis\Thesis-dynamic-networks\tglib\tglib_cpp\test\test-algorithms\test-temporalkhCore.cpp(23,31): error C2780: 'std::vector<_Ty,_Alloc> std::vector(_Iter,_Iter,const _Alloc &)': expects 3 arguments - 1 provided
C:\Program Files (x86)\Microsoft Visual Studio\2019\Community\VC\Tools\MSVC\14.29.30133\include\vector(524): message : see declaration of 'std::vector'
C:\Users\dries\Documents\school\Thesis\Thesis-dynamic-networks\tglib\tglib_cpp\test\test-algorithms\test-temporalkhCore.cpp(23,31): error C2780: 'std::vector<_Ty,_Alloc> std::vector(const allocator_traits<allocator_traits<_Alloc>::rebind_alloc<_Ty>>::size_type,const _Ty &,const _Alloc &)': expects 3 arguments - 1 provided
C:\Program Files (x86)\Microsoft Visual Studio\2019\Community\VC\Tools\MSVC\14.29.30133\include\vector(493): message : see declaration of 'std::vector'
C:\Users\dries\Documents\school\Thesis\Thesis-dynamic-networks\tglib\tglib_cpp\test\test-algorithms\test-temporalkhCore.cpp(23,31): error C2780: 'std::vector<_Ty,_Alloc> std::vector(void) noexcept(<expr>)': expects 0 arguments - 1 provided
C:\Program Files (x86)\Microsoft Visual Studio\2019\Community\VC\Tools\MSVC\14.29.30133\include\vector(462): message : see declaration of 'std::vector'
C:\Users\dries\Documents\school\Thesis\Thesis-dynamic-networks\tglib\tglib_cpp\test\test-algorithms\test-temporalkhCore.cpp(23,31): error C2784: 'std::vector<_Ty,_Alloc> std::vector(std::vector<_Ty,_Alloc>)': could not deduce template argument for 'std::vector<_Ty,_Alloc>' from 'std::vector'
C:\Program Files (x86)\Microsoft Visual Studio\2019\Community\VC\Tools\MSVC\14.29.30133\include\format(71): message : see declaration of 'std::vector'
C:\Users\dries\Documents\school\Thesis\Thesis-dynamic-networks\tglib\tglib_cpp\test\test-algorithms\test-temporalkhCore.cpp(23,31): error C2784: 'std::vector<_Ty,_Alloc> std::vector(std::vector<_Ty,_Alloc>)': could not deduce template argument for 'std::vector<_Ty,_Alloc>' from 'std::vector'
C:\Program Files (x86)\Microsoft Visual Studio\2019\Community\VC\Tools\MSVC\14.29.30133\include\format(71): message : see declaration of 'std::vector'
C:\Users\dries\Documents\school\Thesis\Thesis-dynamic-networks\tglib\tglib_cpp\test\test-algorithms\test-temporalkhCore.cpp(25,20): error C2668: 'std::vector<_Ty,_Alloc>::_Unchecked_begin': ambiguous call to overloaded function
C:\Program Files (x86)\Microsoft Visual Studio\2019\Community\VC\Tools\MSVC\14.29.30133\include\vector(1517,53): message : could be 'allocator_traits<allocator_traits<_Alloc>::rebind_alloc<_Ty>>::const_pointer std::vector<_Ty,_Alloc>::_Unchecked_begin(void) noexcept const'
C:\Program Files (x86)\Microsoft Visual Studio\2019\Community\VC\Tools\MSVC\14.29.30133\include\vector(1513,47): message : or       'allocator_traits<allocator_traits<_Alloc>::rebind_alloc<_Ty>>::pointer std::vector<_Ty,_Alloc>::_Unchecked_begin(void) noexcept'
C:\Users\dries\Documents\school\Thesis\Thesis-dynamic-networks\tglib\tglib_cpp\test\test-algorithms\test-temporalkhCore.cpp(25,20): message : while trying to match the argument list '()'
C:\Users\dries\Documents\school\Thesis\Thesis-dynamic-networks\tglib\tglib_cpp\test\test-algorithms\test-temporalkhCore.cpp(25,20): error C2668: 'std::vector<_Ty,_Alloc>::_Unchecked_end': ambiguous call to overloaded function
C:\Program Files (x86)\Microsoft Visual Studio\2019\Community\VC\Tools\MSVC\14.29.30133\include\vector(1525,53): message : could be 'allocator_traits<allocator_traits<_Alloc>::rebind_alloc<_Ty>>::const_pointer std::vector<_Ty,_Alloc>::_Unchecked_end(void) noexcept const'
C:\Program Files (x86)\Microsoft Visual Studio\2019\Community\VC\Tools\MSVC\14.29.30133\include\vector(1521,47): message : or       'allocator_traits<allocator_traits<_Alloc>::rebind_alloc<_Ty>>::pointer std::vector<_Ty,_Alloc>::_Unchecked_end(void) noexcept'
C:\Users\dries\Documents\school\Thesis\Thesis-dynamic-networks\tglib\tglib_cpp\test\test-algorithms\test-temporalkhCore.cpp(25,20): message : while trying to match the argument list '()'
C:\Users\dries\Documents\school\Thesis\Thesis-dynamic-networks\tglib\tglib_cpp\test\test-algorithms\test-temporalkhCore.cpp(25,20): error C3536: '<begin>$L0': cannot be used before it is initialized
C:\Users\dries\Documents\school\Thesis\Thesis-dynamic-networks\tglib\tglib_cpp\test\test-algorithms\test-temporalkhCore.cpp(25,20): error C3536: '<end>$L0': cannot be used before it is initialized
C:\Users\dries\Documents\school\Thesis\Thesis-dynamic-networks\tglib\tglib_cpp\test\test-algorithms\test-temporalkhCore.cpp(25,20): error C2100: illegal indirection
  test-basictypes.cpp
  test-topkresult.cpp
  Generating Code...
